ď»żgit : remote: error: 
GH013: Repository rule 
violations found for 
refs/heads/main.        
At line:1 char:1
+ git push origin main 2> 
error.log
+ ~~~~~~~~~~~~~~~~~~~~~~~~
~~~~~~~~~
    + CategoryInfo        
      : NotSpecified: (r  
  emote: error: ...s/ma   
 in.        :String) [    
], RemoteException
    + FullyQualifiedError 
   Id : NativeCommandErr  
  or
 
remote: 
remote: - GITHUB PUSH 
PROTECTION        
remote:   Î“Ă‡Ă¶Î“Ă‡Ă¶Î“Ă‡Ă¶Î“Ă‡Ă¶Î“Ă‡Ă¶Î“
Ă‡Ă¶Î“Ă‡Ă¶Î“Ă‡Ă¶Î“Ă‡Ă¶Î“Ă‡Ă¶Î“Ă‡Ă¶Î“Ă‡Ă¶Î“Ă‡Ă¶Î“Ă‡Ă¶
Î“Ă‡Ă¶Î“Ă‡Ă¶Î“Ă‡Ă¶Î“Ă‡Ă¶Î“Ă‡Ă¶Î“Ă‡Ă¶Î“Ă‡Ă¶Î“Ă‡Ă¶Î“Ă‡
Ă¶Î“Ă‡Ă¶Î“Ă‡Ă¶Î“Ă‡Ă¶Î“Ă‡Ă¶Î“Ă‡Ă¶Î“Ă‡Ă¶Î“Ă‡Ă¶Î“Ă‡Ă¶Î“
Ă‡Ă¶Î“Ă‡Ă¶Î“Ă‡Ă¶Î“Ă‡Ă¶Î“Ă‡Ă¶Î“Ă‡Ă¶Î“Ă‡Ă¶Î“Ă‡Ă¶Î“Ă‡Ă¶
Î“Ă‡Ă¶        
remote:     Resolve the 
following violations 
before pushing again      
  
remote: 
remote:     - Push cannot 
contain secrets        
remote: 
remote:             
remote:      (?) Learn 
how to resolve a blocked 
push        
remote:      https://docs.
github.com/code-security/s
ecret-scanning/working-wit
h-secret-scanning-and-push
-protection/working-with-p
ush-protection-from-the-co
mmand-line#resolving-a-blo
cked-push        
remote:             
remote:             
remote:       Î“Ă‡Ă¶Î“Ă‡Ă¶ GCP 
API Key Bound to a 
Service Account Î“Ă‡Ă¶Î“Ă‡Ă¶Î“Ă‡Ă¶Î“
Ă‡Ă¶Î“Ă‡Ă¶Î“Ă‡Ă¶Î“Ă‡Ă¶Î“Ă‡Ă¶Î“Ă‡Ă¶Î“Ă‡Ă¶Î“Ă‡Ă¶Î“Ă‡Ă¶
        
remote:        locations: 
       
remote:          - 
commit: 644ff4aa9b9e38b394
757ca340fc1fb844f4393e    
    
remote:            path: 
.env:1        
remote:             
remote:        (?) To 
push, remove secret from 
commit(s) or follow this 
URL to allow the secret.  
      
remote:        https://git
hub.com/twixxtr/ALT-F4/sec
urity/secret-scanning/unbl
ock-secret/3BiJWhNLQrpw0YY
wt7D26VPuABk        
remote:             
remote: 
remote: 
To https://github.com/twix
xtr/ALT-F4.git
 ! [remote rejected] main 
-> main (push declined 
due to repository rule 
violations)
error: failed to push 
some refs to 'https://gith
ub.com/twixxtr/ALT-F4.git'
